{"/Users/neerajsingh/Documents/hotelManagement/config.js": {"path":"/Users/neerajsingh/Documents/hotelManagement/config.js","statementMap":{"0":{"start":{"line":1,"column":0},"end":{"line":1,"column":27}},"1":{"start":{"line":3,"column":15},"end":{"line":9,"column":1}},"2":{"start":{"line":11,"column":0},"end":{"line":11,"column":24}}},"fnMap":{},"branchMap":{"0":{"loc":{"start":{"line":4,"column":7},"end":{"line":4,"column":33}},"type":"binary-expr","locations":[{"start":{"line":4,"column":7},"end":{"line":4,"column":27}},{"start":{"line":4,"column":29},"end":{"line":4,"column":33}}],"line":4},"1":{"loc":{"start":{"line":6,"column":10},"end":{"line":6,"column":52}},"type":"binary-expr","locations":[{"start":{"line":6,"column":10},"end":{"line":6,"column":32}},{"start":{"line":6,"column":36},"end":{"line":6,"column":52}}],"line":6},"2":{"loc":{"start":{"line":7,"column":14},"end":{"line":7,"column":50}},"type":"binary-expr","locations":[{"start":{"line":7,"column":14},"end":{"line":7,"column":34}},{"start":{"line":7,"column":38},"end":{"line":7,"column":50}}],"line":7}},"s":{"0":2,"1":2,"2":2},"f":{},"b":{"0":[2,0],"1":[2,0],"2":[2,0]},"inputSourceMap":null,"_coverageSchema":"1a1c01bbd47fc00a2c39e90264f33305004495a9","hash":"932f8c6dbd6d280a42a6dd5a87eb5861f0db55ea"}
,"/Users/neerajsingh/Documents/hotelManagement/index.ts": {"path":"/Users/neerajsingh/Documents/hotelManagement/index.ts","statementMap":{"0":{"start":{"line":1,"column":0},"end":{"line":1,"column":49}},"1":{"start":{"line":2,"column":0},"end":{"line":2,"column":45}},"2":{"start":{"line":3,"column":14},"end":{"line":3,"column":33}},"3":{"start":{"line":4,"column":13},"end":{"line":4,"column":22}},"4":{"start":{"line":5,"column":19},"end":{"line":5,"column":50}},"5":{"start":{"line":6,"column":19},"end":{"line":6,"column":50}},"6":{"start":{"line":7,"column":22},"end":{"line":7,"column":56}},"7":{"start":{"line":8,"column":27},"end":{"line":8,"column":75}},"8":{"start":{"line":9,"column":23},"end":{"line":9,"column":69}},"9":{"start":{"line":11,"column":0},"end":{"line":11,"column":null}},"10":{"start":{"line":13,"column":0},"end":{"line":15,"column":1}},"11":{"start":{"line":14,"column":4},"end":{"line":14,"column":16}},"12":{"start":{"line":18,"column":0},"end":{"line":18,"column":38}},"13":{"start":{"line":19,"column":0},"end":{"line":19,"column":38}},"14":{"start":{"line":20,"column":0},"end":{"line":20,"column":56}},"15":{"start":{"line":21,"column":0},"end":{"line":23,"column":null}},"16":{"start":{"line":22,"column":4},"end":{"line":22,"column":null}},"17":{"start":{"line":25,"column":0},"end":{"line":25,"column":null}},"18":{"start":{"line":27,"column":0},"end":{"line":31,"column":1}},"19":{"start":{"line":28,"column":4},"end":{"line":30,"column":null}},"20":{"start":{"line":29,"column":8},"end":{"line":29,"column":null}},"21":{"start":{"line":33,"column":0},"end":{"line":33,"column":22}}},"fnMap":{"0":{"name":"(anonymous_1)","decl":{"start":{"line":21,"column":15},"end":{"line":21,"column":16}},"loc":{"start":{"line":21,"column":43},"end":{"line":23,"column":1}}},"1":{"name":"(anonymous_2)","decl":{"start":{"line":28,"column":30},"end":{"line":28,"column":32}},"loc":{"start":{"line":28,"column":34},"end":{"line":30,"column":5}}}},"branchMap":{"0":{"loc":{"start":{"line":13,"column":0},"end":{"line":15,"column":1}},"type":"if","locations":[{"start":{"line":13,"column":0},"end":{"line":15,"column":1}}]},"1":{"loc":{"start":{"line":27,"column":0},"end":{"line":31,"column":1}},"type":"if","locations":[{"start":{"line":27,"column":0},"end":{"line":31,"column":1}}]}},"s":{"0":1,"1":1,"2":1,"3":1,"4":1,"5":1,"6":1,"7":1,"8":1,"9":1,"10":1,"11":0,"12":1,"13":1,"14":1,"15":1,"16":0,"17":1,"18":1,"19":0,"20":0,"21":1},"f":{"0":0,"1":0},"b":{"0":[0],"1":[0]}}
,"/Users/neerajsingh/Documents/hotelManagement/global/controller/Booking.ts": {"path":"/Users/neerajsingh/Documents/hotelManagement/global/controller/Booking.ts","statementMap":{"0":{"start":{"line":3,"column":0},"end":{"line":3,"column":51}},"1":{"start":{"line":6,"column":0},"end":{"line":55,"column":null}},"2":{"start":{"line":6,"column":81},"end":{"line":55,"column":null}},"3":{"start":{"line":7,"column":4},"end":{"line":54,"column":5}},"4":{"start":{"line":48,"column":18},"end":{"line":48,"column":67}},"5":{"start":{"line":49,"column":8},"end":{"line":49,"column":34}},"6":{"start":{"line":52,"column":8},"end":{"line":52,"column":null}},"7":{"start":{"line":57,"column":0},"end":{"line":79,"column":null}},"8":{"start":{"line":57,"column":82},"end":{"line":79,"column":null}},"9":{"start":{"line":58,"column":4},"end":{"line":78,"column":5}},"10":{"start":{"line":73,"column":18},"end":{"line":73,"column":57}},"11":{"start":{"line":74,"column":8},"end":{"line":74,"column":null}},"12":{"start":{"line":76,"column":8},"end":{"line":76,"column":null}},"13":{"start":{"line":81,"column":0},"end":{"line":101,"column":null}},"14":{"start":{"line":81,"column":87},"end":{"line":101,"column":null}},"15":{"start":{"line":82,"column":4},"end":{"line":100,"column":5}},"16":{"start":{"line":96,"column":18},"end":{"line":96,"column":65}},"17":{"start":{"line":97,"column":8},"end":{"line":97,"column":null}},"18":{"start":{"line":99,"column":8},"end":{"line":99,"column":null}},"19":{"start":{"line":103,"column":0},"end":{"line":131,"column":null}},"20":{"start":{"line":103,"column":83},"end":{"line":131,"column":null}},"21":{"start":{"line":104,"column":4},"end":{"line":130,"column":5}},"22":{"start":{"line":126,"column":18},"end":{"line":126,"column":73}},"23":{"start":{"line":127,"column":8},"end":{"line":127,"column":null}},"24":{"start":{"line":129,"column":8},"end":{"line":129,"column":null}},"25":{"start":{"line":133,"column":0},"end":{"line":148,"column":null}},"26":{"start":{"line":133,"column":83},"end":{"line":148,"column":null}},"27":{"start":{"line":134,"column":4},"end":{"line":147,"column":5}},"28":{"start":{"line":143,"column":19},"end":{"line":143,"column":76}},"29":{"start":{"line":144,"column":8},"end":{"line":144,"column":null}},"30":{"start":{"line":146,"column":8},"end":{"line":146,"column":null}}},"fnMap":{"0":{"name":"(anonymous_8)","decl":{"start":{"line":6,"column":24},"end":{"line":6,"column":31}},"loc":{"start":{"line":6,"column":81},"end":{"line":55,"column":null}}},"1":{"name":"(anonymous_9)","decl":{"start":{"line":6,"column":81},"end":{"line":6,"column":null}},"loc":{"start":{"line":6,"column":81},"end":{"line":55,"column":1}}},"2":{"name":"(anonymous_10)","decl":{"start":{"line":57,"column":25},"end":{"line":57,"column":32}},"loc":{"start":{"line":57,"column":82},"end":{"line":79,"column":null}}},"3":{"name":"(anonymous_11)","decl":{"start":{"line":57,"column":82},"end":{"line":57,"column":null}},"loc":{"start":{"line":57,"column":82},"end":{"line":79,"column":1}}},"4":{"name":"(anonymous_12)","decl":{"start":{"line":81,"column":29},"end":{"line":81,"column":36}},"loc":{"start":{"line":81,"column":87},"end":{"line":101,"column":null}}},"5":{"name":"(anonymous_13)","decl":{"start":{"line":81,"column":87},"end":{"line":81,"column":null}},"loc":{"start":{"line":81,"column":87},"end":{"line":101,"column":1}}},"6":{"name":"(anonymous_14)","decl":{"start":{"line":103,"column":25},"end":{"line":103,"column":32}},"loc":{"start":{"line":103,"column":83},"end":{"line":131,"column":null}}},"7":{"name":"(anonymous_15)","decl":{"start":{"line":103,"column":83},"end":{"line":103,"column":null}},"loc":{"start":{"line":103,"column":83},"end":{"line":131,"column":1}}},"8":{"name":"(anonymous_16)","decl":{"start":{"line":133,"column":25},"end":{"line":133,"column":32}},"loc":{"start":{"line":133,"column":83},"end":{"line":148,"column":null}}},"9":{"name":"(anonymous_17)","decl":{"start":{"line":133,"column":83},"end":{"line":133,"column":null}},"loc":{"start":{"line":133,"column":83},"end":{"line":148,"column":1}}}},"branchMap":{},"s":{"0":1,"1":1,"2":1,"3":1,"4":1,"5":1,"6":0,"7":1,"8":1,"9":1,"10":1,"11":1,"12":0,"13":1,"14":0,"15":0,"16":0,"17":0,"18":0,"19":1,"20":1,"21":1,"22":1,"23":1,"24":0,"25":1,"26":0,"27":0,"28":0,"29":0,"30":0},"f":{"0":1,"1":1,"2":1,"3":1,"4":0,"5":0,"6":1,"7":1,"8":0,"9":0},"b":{}}
,"/Users/neerajsingh/Documents/hotelManagement/global/controller/Room.ts": {"path":"/Users/neerajsingh/Documents/hotelManagement/global/controller/Room.ts","statementMap":{"0":{"start":{"line":5,"column":0},"end":{"line":5,"column":51}},"1":{"start":{"line":6,"column":0},"end":{"line":6,"column":42}},"2":{"start":{"line":12,"column":0},"end":{"line":24,"column":null}},"3":{"start":{"line":12,"column":77},"end":{"line":24,"column":null}},"4":{"start":{"line":13,"column":4},"end":{"line":23,"column":5}},"5":{"start":{"line":14,"column":22},"end":{"line":14,"column":75}},"6":{"start":{"line":19,"column":8},"end":{"line":19,"column":38}},"7":{"start":{"line":21,"column":8},"end":{"line":21,"column":18}},"8":{"start":{"line":26,"column":0},"end":{"line":37,"column":null}},"9":{"start":{"line":26,"column":71},"end":{"line":37,"column":null}},"10":{"start":{"line":27,"column":4},"end":{"line":36,"column":5}},"11":{"start":{"line":31,"column":23},"end":{"line":31,"column":55}},"12":{"start":{"line":32,"column":8},"end":{"line":32,"column":null}},"13":{"start":{"line":34,"column":8},"end":{"line":34,"column":46}},"14":{"start":{"line":39,"column":0},"end":{"line":54,"column":null}},"15":{"start":{"line":39,"column":74},"end":{"line":54,"column":null}},"16":{"start":{"line":40,"column":4},"end":{"line":53,"column":5}},"17":{"start":{"line":41,"column":23},"end":{"line":41,"column":36}},"18":{"start":{"line":48,"column":19},"end":{"line":48,"column":55}},"19":{"start":{"line":49,"column":8},"end":{"line":49,"column":35}},"20":{"start":{"line":51,"column":8},"end":{"line":51,"column":18}}},"fnMap":{"0":{"name":"(anonymous_8)","decl":{"start":{"line":12,"column":21},"end":{"line":12,"column":28}},"loc":{"start":{"line":12,"column":77},"end":{"line":24,"column":null}}},"1":{"name":"(anonymous_9)","decl":{"start":{"line":12,"column":77},"end":{"line":12,"column":null}},"loc":{"start":{"line":12,"column":77},"end":{"line":24,"column":1}}},"2":{"name":"(anonymous_10)","decl":{"start":{"line":26,"column":19},"end":{"line":26,"column":26}},"loc":{"start":{"line":26,"column":71},"end":{"line":37,"column":null}}},"3":{"name":"(anonymous_11)","decl":{"start":{"line":26,"column":71},"end":{"line":26,"column":null}},"loc":{"start":{"line":26,"column":71},"end":{"line":37,"column":1}}},"4":{"name":"(anonymous_12)","decl":{"start":{"line":39,"column":22},"end":{"line":39,"column":29}},"loc":{"start":{"line":39,"column":74},"end":{"line":54,"column":null}}},"5":{"name":"(anonymous_13)","decl":{"start":{"line":39,"column":74},"end":{"line":39,"column":null}},"loc":{"start":{"line":39,"column":74},"end":{"line":54,"column":1}}}},"branchMap":{},"s":{"0":1,"1":1,"2":1,"3":1,"4":1,"5":1,"6":1,"7":0,"8":1,"9":1,"10":1,"11":1,"12":1,"13":0,"14":1,"15":1,"16":1,"17":1,"18":1,"19":1,"20":0},"f":{"0":1,"1":1,"2":1,"3":1,"4":1,"5":1},"b":{}}
,"/Users/neerajsingh/Documents/hotelManagement/global/controller/User.ts": {"path":"/Users/neerajsingh/Documents/hotelManagement/global/controller/User.ts","statementMap":{"0":{"start":{"line":5,"column":0},"end":{"line":5,"column":39}},"1":{"start":{"line":8,"column":0},"end":{"line":8,"column":51}},"2":{"start":{"line":10,"column":0},"end":{"line":17,"column":null}},"3":{"start":{"line":10,"column":73},"end":{"line":17,"column":null}},"4":{"start":{"line":11,"column":4},"end":{"line":16,"column":5}},"5":{"start":{"line":12,"column":20},"end":{"line":12,"column":55}},"6":{"start":{"line":13,"column":8},"end":{"line":13,"column":35}},"7":{"start":{"line":15,"column":8},"end":{"line":15,"column":18}},"8":{"start":{"line":19,"column":0},"end":{"line":27,"column":null}},"9":{"start":{"line":19,"column":72},"end":{"line":27,"column":null}},"10":{"start":{"line":20,"column":4},"end":{"line":26,"column":5}},"11":{"start":{"line":21,"column":20},"end":{"line":21,"column":81}},"12":{"start":{"line":22,"column":8},"end":{"line":22,"column":35}},"13":{"start":{"line":24,"column":8},"end":{"line":24,"column":18}},"14":{"start":{"line":29,"column":0},"end":{"line":38,"column":null}},"15":{"start":{"line":29,"column":87},"end":{"line":38,"column":null}},"16":{"start":{"line":31,"column":4},"end":{"line":37,"column":5}},"17":{"start":{"line":32,"column":20},"end":{"line":32,"column":69}},"18":{"start":{"line":33,"column":8},"end":{"line":33,"column":null}},"19":{"start":{"line":35,"column":8},"end":{"line":35,"column":null}}},"fnMap":{"0":{"name":"(anonymous_8)","decl":{"start":{"line":10,"column":21},"end":{"line":10,"column":28}},"loc":{"start":{"line":10,"column":73},"end":{"line":17,"column":null}}},"1":{"name":"(anonymous_9)","decl":{"start":{"line":10,"column":73},"end":{"line":10,"column":null}},"loc":{"start":{"line":10,"column":73},"end":{"line":17,"column":1}}},"2":{"name":"(anonymous_10)","decl":{"start":{"line":19,"column":20},"end":{"line":19,"column":27}},"loc":{"start":{"line":19,"column":72},"end":{"line":27,"column":null}}},"3":{"name":"(anonymous_11)","decl":{"start":{"line":19,"column":72},"end":{"line":19,"column":null}},"loc":{"start":{"line":19,"column":72},"end":{"line":27,"column":1}}},"4":{"name":"(anonymous_12)","decl":{"start":{"line":29,"column":29},"end":{"line":29,"column":36}},"loc":{"start":{"line":29,"column":87},"end":{"line":38,"column":null}}},"5":{"name":"(anonymous_13)","decl":{"start":{"line":29,"column":87},"end":{"line":29,"column":null}},"loc":{"start":{"line":29,"column":87},"end":{"line":38,"column":1}}}},"branchMap":{},"s":{"0":1,"1":1,"2":1,"3":1,"4":1,"5":1,"6":1,"7":0,"8":1,"9":1,"10":1,"11":1,"12":1,"13":0,"14":1,"15":0,"16":0,"17":0,"18":0,"19":0},"f":{"0":1,"1":1,"2":1,"3":1,"4":0,"5":0},"b":{}}
,"/Users/neerajsingh/Documents/hotelManagement/global/dao/bookingDAO.ts": {"path":"/Users/neerajsingh/Documents/hotelManagement/global/dao/bookingDAO.ts","statementMap":{"0":{"start":{"line":1,"column":0},"end":{"line":1,"column":39}},"1":{"start":{"line":5,"column":23},"end":{"line":5,"column":44}},"2":{"start":{"line":6,"column":8},"end":{"line":6,"column":36}},"3":{"start":{"line":9,"column":8},"end":{"line":9,"column":45}},"4":{"start":{"line":12,"column":8},"end":{"line":12,"column":51}},"5":{"start":{"line":15,"column":19},"end":{"line":15,"column":49}},"6":{"start":{"line":16,"column":8},"end":{"line":21,"column":9}},"7":{"start":{"line":17,"column":12},"end":{"line":17,"column":36}},"8":{"start":{"line":18,"column":12},"end":{"line":18,"column":37}},"9":{"start":{"line":20,"column":12},"end":{"line":20,"column":null}},"10":{"start":{"line":26,"column":0},"end":{"line":26,"column":32}}},"fnMap":{"0":{"name":"(anonymous_8)","decl":{"start":{"line":4,"column":10},"end":{"line":4,"column":23}},"loc":{"start":{"line":4,"column":39},"end":{"line":7,"column":null}}},"1":{"name":"(anonymous_10)","decl":{"start":{"line":8,"column":10},"end":{"line":8,"column":23}},"loc":{"start":{"line":8,"column":23},"end":{"line":10,"column":null}}},"2":{"name":"(anonymous_12)","decl":{"start":{"line":11,"column":10},"end":{"line":11,"column":21}},"loc":{"start":{"line":11,"column":35},"end":{"line":13,"column":null}}},"3":{"name":"(anonymous_14)","decl":{"start":{"line":14,"column":10},"end":{"line":14,"column":24}},"loc":{"start":{"line":14,"column":38},"end":{"line":22,"column":null}}}},"branchMap":{"0":{"loc":{"start":{"line":16,"column":8},"end":{"line":21,"column":9}},"type":"if","locations":[{"start":{"line":16,"column":8},"end":{"line":21,"column":9}},{"start":{"line":19,"column":13},"end":{"line":21,"column":9}}]}},"s":{"0":2,"1":1,"2":1,"3":1,"4":0,"5":0,"6":0,"7":0,"8":0,"9":0,"10":2},"f":{"0":1,"1":1,"2":0,"3":0},"b":{"0":[0,0]}}
,"/Users/neerajsingh/Documents/hotelManagement/global/dao/roomDAO.ts": {"path":"/Users/neerajsingh/Documents/hotelManagement/global/dao/roomDAO.ts","statementMap":{"0":{"start":{"line":1,"column":0},"end":{"line":1,"column":49}},"1":{"start":{"line":5,"column":20},"end":{"line":5,"column":38}},"2":{"start":{"line":6,"column":8},"end":{"line":6,"column":33}},"3":{"start":{"line":9,"column":8},"end":{"line":9,"column":42}},"4":{"start":{"line":12,"column":8},"end":{"line":12,"column":50}},"5":{"start":{"line":15,"column":21},"end":{"line":15,"column":55}},"6":{"start":{"line":16,"column":8},"end":{"line":19,"column":9}},"7":{"start":{"line":17,"column":12},"end":{"line":17,"column":40}},"8":{"start":{"line":18,"column":12},"end":{"line":18,"column":37}},"9":{"start":{"line":22,"column":21},"end":{"line":22,"column":55}},"10":{"start":{"line":23,"column":8},"end":{"line":26,"column":9}},"11":{"start":{"line":24,"column":12},"end":{"line":24,"column":39}},"12":{"start":{"line":25,"column":12},"end":{"line":25,"column":37}},"13":{"start":{"line":31,"column":0},"end":{"line":31,"column":30}}},"fnMap":{"0":{"name":"(anonymous_8)","decl":{"start":{"line":4,"column":10},"end":{"line":4,"column":20}},"loc":{"start":{"line":4,"column":43},"end":{"line":7,"column":null}}},"1":{"name":"(anonymous_10)","decl":{"start":{"line":8,"column":10},"end":{"line":8,"column":21}},"loc":{"start":{"line":8,"column":21},"end":{"line":10,"column":null}}},"2":{"name":"(anonymous_12)","decl":{"start":{"line":11,"column":10},"end":{"line":11,"column":21}},"loc":{"start":{"line":11,"column":35},"end":{"line":13,"column":null}}},"3":{"name":"(anonymous_14)","decl":{"start":{"line":14,"column":10},"end":{"line":14,"column":22}},"loc":{"start":{"line":14,"column":36},"end":{"line":20,"column":null}}},"4":{"name":"(anonymous_16)","decl":{"start":{"line":21,"column":10},"end":{"line":21,"column":24}},"loc":{"start":{"line":21,"column":38},"end":{"line":27,"column":null}}}},"branchMap":{"0":{"loc":{"start":{"line":16,"column":8},"end":{"line":19,"column":9}},"type":"if","locations":[{"start":{"line":16,"column":8},"end":{"line":19,"column":9}}]},"1":{"loc":{"start":{"line":23,"column":8},"end":{"line":26,"column":9}},"type":"if","locations":[{"start":{"line":23,"column":8},"end":{"line":26,"column":9}}]}},"s":{"0":2,"1":1,"2":1,"3":1,"4":3,"5":1,"6":1,"7":1,"8":1,"9":1,"10":1,"11":1,"12":1,"13":2},"f":{"0":1,"1":1,"2":3,"3":1,"4":1},"b":{"0":[1],"1":[1]}}
,"/Users/neerajsingh/Documents/hotelManagement/global/dao/userDAO.ts": {"path":"/Users/neerajsingh/Documents/hotelManagement/global/dao/userDAO.ts","statementMap":{"0":{"start":{"line":1,"column":0},"end":{"line":1,"column":49}},"1":{"start":{"line":5,"column":19},"end":{"line":5,"column":37}},"2":{"start":{"line":6,"column":8},"end":{"line":6,"column":null}},"3":{"start":{"line":10,"column":8},"end":{"line":10,"column":50}},"4":{"start":{"line":14,"column":0},"end":{"line":14,"column":null}}},"fnMap":{"0":{"name":"(anonymous_8)","decl":{"start":{"line":4,"column":10},"end":{"line":4,"column":20}},"loc":{"start":{"line":4,"column":43},"end":{"line":7,"column":null}}},"1":{"name":"(anonymous_10)","decl":{"start":{"line":9,"column":10},"end":{"line":9,"column":25}},"loc":{"start":{"line":9,"column":38},"end":{"line":11,"column":null}}}},"branchMap":{},"s":{"0":2,"1":1,"2":1,"3":1,"4":2},"f":{"0":1,"1":1},"b":{}}
,"/Users/neerajsingh/Documents/hotelManagement/global/database/db.ts": {"path":"/Users/neerajsingh/Documents/hotelManagement/global/database/db.ts","statementMap":{"0":{"start":{"line":1,"column":0},"end":{"line":1,"column":32}},"1":{"start":{"line":2,"column":15},"end":{"line":2,"column":38}},"2":{"start":{"line":5,"column":2},"end":{"line":10,"column":3}},"3":{"start":{"line":6,"column":4},"end":{"line":6,"column":44}},"4":{"start":{"line":7,"column":4},"end":{"line":7,"column":40}},"5":{"start":{"line":9,"column":4},"end":{"line":9,"column":55}},"6":{"start":{"line":13,"column":0},"end":{"line":13,"column":25}}},"fnMap":{"0":{"name":"connectDB","decl":{"start":{"line":4,"column":15},"end":{"line":4,"column":24}},"loc":{"start":{"line":4,"column":24},"end":{"line":11,"column":null}}}},"branchMap":{},"s":{"0":1,"1":1,"2":0,"3":0,"4":0,"5":0,"6":1},"f":{"0":0},"b":{}}
,"/Users/neerajsingh/Documents/hotelManagement/global/dto/bookingDTO.ts": {"path":"/Users/neerajsingh/Documents/hotelManagement/global/dto/bookingDTO.ts","statementMap":{"0":{"start":{"line":12,"column":8},"end":{"line":12,"column":47}},"1":{"start":{"line":13,"column":8},"end":{"line":13,"column":47}},"2":{"start":{"line":14,"column":8},"end":{"line":14,"column":42}},"3":{"start":{"line":15,"column":8},"end":{"line":15,"column":38}},"4":{"start":{"line":16,"column":8},"end":{"line":16,"column":44}},"5":{"start":{"line":17,"column":8},"end":{"line":17,"column":36}},"6":{"start":{"line":18,"column":8},"end":{"line":18,"column":36}},"7":{"start":{"line":3,"column":0},"end":{"line":3,"column":13}}},"fnMap":{"0":{"name":"(anonymous_0)","decl":{"start":{"line":11,"column":4},"end":{"line":11,"column":16}},"loc":{"start":{"line":11,"column":38},"end":{"line":19,"column":5}}}},"branchMap":{},"s":{"0":2,"1":2,"2":2,"3":2,"4":2,"5":2,"6":2,"7":2},"f":{"0":2},"b":{}}
,"/Users/neerajsingh/Documents/hotelManagement/global/dto/roomDTO.ts": {"path":"/Users/neerajsingh/Documents/hotelManagement/global/dto/roomDTO.ts","statementMap":{"0":{"start":{"line":11,"column":8},"end":{"line":11,"column":40}},"1":{"start":{"line":12,"column":8},"end":{"line":12,"column":32}},"2":{"start":{"line":13,"column":8},"end":{"line":13,"column":36}},"3":{"start":{"line":14,"column":8},"end":{"line":14,"column":38}},"4":{"start":{"line":15,"column":8},"end":{"line":15,"column":null}},"5":{"start":{"line":3,"column":0},"end":{"line":3,"column":13}}},"fnMap":{"0":{"name":"(anonymous_0)","decl":{"start":{"line":10,"column":4},"end":{"line":10,"column":16}},"loc":{"start":{"line":10,"column":34},"end":{"line":16,"column":5}}}},"branchMap":{},"s":{"0":5,"1":5,"2":5,"3":5,"4":5,"5":2},"f":{"0":5},"b":{}}
,"/Users/neerajsingh/Documents/hotelManagement/global/dto/userDTO.ts": {"path":"/Users/neerajsingh/Documents/hotelManagement/global/dto/userDTO.ts","statementMap":{"0":{"start":{"line":8,"column":8},"end":{"line":8,"column":28}},"1":{"start":{"line":9,"column":8},"end":{"line":9,"column":30}},"2":{"start":{"line":10,"column":8},"end":{"line":10,"column":37}},"3":{"start":{"line":3,"column":0},"end":{"line":3,"column":13}}},"fnMap":{"0":{"name":"(anonymous_0)","decl":{"start":{"line":7,"column":4},"end":{"line":7,"column":16}},"loc":{"start":{"line":7,"column":34},"end":{"line":11,"column":5}}}},"branchMap":{},"s":{"0":6,"1":6,"2":6,"3":2},"f":{"0":6},"b":{}}
,"/Users/neerajsingh/Documents/hotelManagement/global/errors/appError.ts": {"path":"/Users/neerajsingh/Documents/hotelManagement/global/errors/appError.ts","statementMap":{"0":{"start":{"line":6,"column":8},"end":{"line":6,"column":23}},"1":{"start":{"line":7,"column":8},"end":{"line":7,"column":37}},"2":{"start":{"line":8,"column":8},"end":{"line":8,"column":73}},"3":{"start":{"line":10,"column":8},"end":{"line":10,"column":56}},"4":{"start":{"line":14,"column":0},"end":{"line":14,"column":24}}},"fnMap":{"0":{"name":"(anonymous_0)","decl":{"start":{"line":5,"column":4},"end":{"line":5,"column":16}},"loc":{"start":{"line":5,"column":51},"end":{"line":11,"column":5}}}},"branchMap":{"0":{"loc":{"start":{"line":8,"column":22},"end":{"line":8,"column":72}},"type":"cond-expr","locations":[{"start":{"line":8,"column":56},"end":{"line":8,"column":62}},{"start":{"line":8,"column":65},"end":{"line":8,"column":72}}]}},"s":{"0":4,"1":4,"2":4,"3":4,"4":2},"f":{"0":4},"b":{"0":[4,0]}}
,"/Users/neerajsingh/Documents/hotelManagement/global/middleware/errorMiddleware.ts": {"path":"/Users/neerajsingh/Documents/hotelManagement/global/middleware/errorMiddleware.ts","statementMap":{"0":{"start":{"line":4,"column":15},"end":{"line":4,"column":41}},"1":{"start":{"line":7,"column":28},"end":{"line":23,"column":1}},"2":{"start":{"line":9,"column":4},"end":{"line":9,"column":43}},"3":{"start":{"line":10,"column":4},"end":{"line":10,"column":39}},"4":{"start":{"line":12,"column":4},"end":{"line":18,"column":5}},"5":{"start":{"line":13,"column":8},"end":{"line":17,"column":11}},"6":{"start":{"line":19,"column":4},"end":{"line":22,"column":7}},"7":{"start":{"line":7,"column":13},"end":{"line":7,"column":28}}},"fnMap":{"0":{"name":"(anonymous_0)","decl":{"start":{"line":7,"column":28},"end":{"line":7,"column":29}},"loc":{"start":{"line":7,"column":91},"end":{"line":23,"column":1}}}},"branchMap":{"0":{"loc":{"start":{"line":9,"column":21},"end":{"line":9,"column":42}},"type":"binary-expr","locations":[{"start":{"line":9,"column":21},"end":{"line":9,"column":35}},{"start":{"line":9,"column":39},"end":{"line":9,"column":42}}]},"1":{"loc":{"start":{"line":10,"column":17},"end":{"line":10,"column":38}},"type":"binary-expr","locations":[{"start":{"line":10,"column":17},"end":{"line":10,"column":27}},{"start":{"line":10,"column":31},"end":{"line":10,"column":38}}]},"2":{"loc":{"start":{"line":12,"column":4},"end":{"line":18,"column":5}},"type":"if","locations":[{"start":{"line":12,"column":4},"end":{"line":18,"column":5}}]},"3":{"loc":{"start":{"line":21,"column":17},"end":{"line":21,"column":55}},"type":"binary-expr","locations":[{"start":{"line":21,"column":17},"end":{"line":21,"column":28}},{"start":{"line":21,"column":32},"end":{"line":21,"column":55}}]}},"s":{"0":1,"1":1,"2":0,"3":0,"4":0,"5":0,"6":0,"7":1},"f":{"0":0},"b":{"0":[0,0],"1":[0,0],"2":[0],"3":[0,0]}}
,"/Users/neerajsingh/Documents/hotelManagement/global/middleware/jwtAuthMiddleware.ts": {"path":"/Users/neerajsingh/Documents/hotelManagement/global/middleware/jwtAuthMiddleware.ts","statementMap":{"0":{"start":{"line":2,"column":0},"end":{"line":2,"column":49}},"1":{"start":{"line":7,"column":0},"end":{"line":18,"column":2}},"2":{"start":{"line":8,"column":18},"end":{"line":8,"column":69}},"3":{"start":{"line":10,"column":4},"end":{"line":10,"column":95}},"4":{"start":{"line":10,"column":17},"end":{"line":10,"column":95}},"5":{"start":{"line":11,"column":4},"end":{"line":17,"column":5}},"6":{"start":{"line":12,"column":24},"end":{"line":12,"column":45}},"7":{"start":{"line":13,"column":8},"end":{"line":13,"column":27}},"8":{"start":{"line":14,"column":8},"end":{"line":14,"column":15}},"9":{"start":{"line":16,"column":8},"end":{"line":16,"column":72}}},"fnMap":{"0":{"name":"(anonymous_0)","decl":{"start":{"line":7,"column":25},"end":{"line":7,"column":26}},"loc":{"start":{"line":7,"column":81},"end":{"line":18,"column":1}}}},"branchMap":{"0":{"loc":{"start":{"line":8,"column":18},"end":{"line":8,"column":69}},"type":"cond-expr","locations":[{"start":{"line":8,"column":45},"end":{"line":8,"column":47}},{"start":{"line":8,"column":45},"end":{"line":8,"column":69}}]},"1":{"loc":{"start":{"line":8,"column":18},"end":{"line":8,"column":47}},"type":"binary-expr","locations":[{"start":{"line":8,"column":18},"end":{"line":8,"column":47}},{"start":{"line":8,"column":45},"end":{"line":8,"column":47}}]},"2":{"loc":{"start":{"line":10,"column":4},"end":{"line":10,"column":95}},"type":"if","locations":[{"start":{"line":10,"column":4},"end":{"line":10,"column":95}}]}},"s":{"0":1,"1":1,"2":4,"3":4,"4":0,"5":4,"6":4,"7":4,"8":4,"9":0},"f":{"0":4},"b":{"0":[0,4],"1":[4,4],"2":[0]}}
,"/Users/neerajsingh/Documents/hotelManagement/global/model/Booking.ts": {"path":"/Users/neerajsingh/Documents/hotelManagement/global/model/Booking.ts","statementMap":{"0":{"start":{"line":1,"column":0},"end":{"line":1,"column":56}},"1":{"start":{"line":23,"column":45},"end":{"line":42,"column":null}},"2":{"start":{"line":45,"column":38},"end":{"line":45,"column":93}},"3":{"start":{"line":46,"column":0},"end":{"line":46,"column":23}}},"fnMap":{},"branchMap":{},"s":{"0":2,"1":2,"2":2,"3":2},"f":{},"b":{}}
,"/Users/neerajsingh/Documents/hotelManagement/global/model/Room.ts": {"path":"/Users/neerajsingh/Documents/hotelManagement/global/model/Room.ts","statementMap":{"0":{"start":{"line":1,"column":0},"end":{"line":1,"column":71}},"1":{"start":{"line":13,"column":27},"end":{"line":19,"column":23}},"2":{"start":{"line":21,"column":35},"end":{"line":21,"column":84}},"3":{"start":{"line":23,"column":0},"end":{"line":23,"column":20}}},"fnMap":{},"branchMap":{},"s":{"0":2,"1":2,"2":2,"3":2},"f":{},"b":{}}
,"/Users/neerajsingh/Documents/hotelManagement/global/model/User.ts": {"path":"/Users/neerajsingh/Documents/hotelManagement/global/model/User.ts","statementMap":{"0":{"start":{"line":1,"column":0},"end":{"line":1,"column":68}},"1":{"start":{"line":17,"column":42},"end":{"line":25,"column":null}},"2":{"start":{"line":28,"column":35},"end":{"line":28,"column":84}},"3":{"start":{"line":30,"column":0},"end":{"line":30,"column":20}}},"fnMap":{},"branchMap":{},"s":{"0":2,"1":2,"2":2,"3":2},"f":{},"b":{}}
,"/Users/neerajsingh/Documents/hotelManagement/global/routes/Booking.ts": {"path":"/Users/neerajsingh/Documents/hotelManagement/global/routes/Booking.ts","statementMap":{"0":{"start":{"line":1,"column":0},"end":{"line":1,"column":30}},"1":{"start":{"line":2,"column":15},"end":{"line":2,"column":31}},"2":{"start":{"line":3,"column":75},"end":{"line":3,"column":107}},"3":{"start":{"line":5,"column":0},"end":{"line":8,"column":null}},"4":{"start":{"line":10,"column":0},"end":{"line":10,"column":22}}},"fnMap":{},"branchMap":{},"s":{"0":1,"1":1,"2":1,"3":1,"4":1},"f":{},"b":{}}
,"/Users/neerajsingh/Documents/hotelManagement/global/routes/Room.ts": {"path":"/Users/neerajsingh/Documents/hotelManagement/global/routes/Room.ts","statementMap":{"0":{"start":{"line":1,"column":0},"end":{"line":1,"column":30}},"1":{"start":{"line":2,"column":27},"end":{"line":2,"column":69}},"2":{"start":{"line":3,"column":44},"end":{"line":3,"column":73}},"3":{"start":{"line":4,"column":14},"end":{"line":4,"column":30}},"4":{"start":{"line":6,"column":0},"end":{"line":8,"column":null}},"5":{"start":{"line":10,"column":0},"end":{"line":10,"column":24}}},"fnMap":{},"branchMap":{},"s":{"0":1,"1":1,"2":1,"3":1,"4":1,"5":1},"f":{},"b":{}}
,"/Users/neerajsingh/Documents/hotelManagement/global/routes/User.ts": {"path":"/Users/neerajsingh/Documents/hotelManagement/global/routes/User.ts","statementMap":{"0":{"start":{"line":1,"column":0},"end":{"line":1,"column":30}},"1":{"start":{"line":2,"column":52},"end":{"line":2,"column":81}},"2":{"start":{"line":3,"column":27},"end":{"line":3,"column":69}},"3":{"start":{"line":4,"column":14},"end":{"line":4,"column":30}},"4":{"start":{"line":6,"column":0},"end":{"line":8,"column":null}},"5":{"start":{"line":10,"column":0},"end":{"line":10,"column":24}}},"fnMap":{},"branchMap":{},"s":{"0":1,"1":1,"2":1,"3":1,"4":1,"5":1},"f":{},"b":{}}
,"/Users/neerajsingh/Documents/hotelManagement/global/services/book.service.ts": {"path":"/Users/neerajsingh/Documents/hotelManagement/global/services/book.service.ts","statementMap":{"0":{"start":{"line":1,"column":0},"end":{"line":1,"column":43}},"1":{"start":{"line":2,"column":0},"end":{"line":2,"column":37}},"2":{"start":{"line":3,"column":0},"end":{"line":3,"column":47}},"3":{"start":{"line":4,"column":0},"end":{"line":4,"column":41}},"4":{"start":{"line":5,"column":0},"end":{"line":5,"column":42}},"5":{"start":{"line":9,"column":67},"end":{"line":9,"column":75}},"6":{"start":{"line":10,"column":23},"end":{"line":10,"column":56}},"7":{"start":{"line":11,"column":8},"end":{"line":13,"column":9}},"8":{"start":{"line":12,"column":12},"end":{"line":12,"column":null}},"9":{"start":{"line":14,"column":19},"end":{"line":14,"column":40}},"10":{"start":{"line":16,"column":8},"end":{"line":20,"column":9}},"11":{"start":{"line":17,"column":12},"end":{"line":17,"column":47}},"12":{"start":{"line":19,"column":12},"end":{"line":19,"column":null}},"13":{"start":{"line":22,"column":26},"end":{"line":22,"column":51}},"14":{"start":{"line":23,"column":24},"end":{"line":23,"column":47}},"15":{"start":{"line":24,"column":29},"end":{"line":24,"column":102}},"16":{"start":{"line":25,"column":27},"end":{"line":25,"column":56}},"17":{"start":{"line":27,"column":19},"end":{"line":34,"column":10}},"18":{"start":{"line":35,"column":8},"end":{"line":35,"column":36}},"19":{"start":{"line":38,"column":8},"end":{"line":44,"column":9}},"20":{"start":{"line":39,"column":23},"end":{"line":39,"column":55}},"21":{"start":{"line":40,"column":22},"end":{"line":40,"column":60}},"22":{"start":{"line":40,"column":39},"end":{"line":40,"column":59}},"23":{"start":{"line":41,"column":12},"end":{"line":41,"column":23}},"24":{"start":{"line":43,"column":12},"end":{"line":43,"column":null}},"25":{"start":{"line":47,"column":19},"end":{"line":47,"column":55}},"26":{"start":{"line":48,"column":8},"end":{"line":51,"column":9}},"27":{"start":{"line":49,"column":12},"end":{"line":49,"column":null}},"28":{"start":{"line":52,"column":8},"end":{"line":52,"column":54}},"29":{"start":{"line":52,"column":32},"end":{"line":52,"column":52}},"30":{"start":{"line":55,"column":8},"end":{"line":69,"column":9}},"31":{"start":{"line":56,"column":27},"end":{"line":56,"column":60}},"32":{"start":{"line":57,"column":12},"end":{"line":59,"column":13}},"33":{"start":{"line":58,"column":16},"end":{"line":58,"column":null}},"34":{"start":{"line":60,"column":23},"end":{"line":60,"column":44}},"35":{"start":{"line":61,"column":12},"end":{"line":66,"column":13}},"36":{"start":{"line":62,"column":16},"end":{"line":62,"column":53}},"37":{"start":{"line":63,"column":16},"end":{"line":63,"column":null}},"38":{"start":{"line":65,"column":16},"end":{"line":65,"column":null}},"39":{"start":{"line":68,"column":12},"end":{"line":68,"column":null}},"40":{"start":{"line":72,"column":8},"end":{"line":77,"column":9}},"41":{"start":{"line":73,"column":23},"end":{"line":73,"column":62}},"42":{"start":{"line":74,"column":12},"end":{"line":74,"column":24}},"43":{"start":{"line":76,"column":11},"end":{"line":76,"column":null}},"44":{"start":{"line":81,"column":0},"end":{"line":81,"column":33}}},"fnMap":{"0":{"name":"(anonymous_8)","decl":{"start":{"line":8,"column":10},"end":{"line":8,"column":18}},"loc":{"start":{"line":8,"column":45},"end":{"line":36,"column":null}}},"1":{"name":"(anonymous_10)","decl":{"start":{"line":37,"column":10},"end":{"line":37,"column":21}},"loc":{"start":{"line":37,"column":34},"end":{"line":45,"column":null}}},"2":{"name":"(anonymous_12)","decl":{"start":{"line":40,"column":31},"end":{"line":40,"column":35}},"loc":{"start":{"line":40,"column":39},"end":{"line":40,"column":59}}},"3":{"name":"(anonymous_13)","decl":{"start":{"line":46,"column":10},"end":{"line":46,"column":20}},"loc":{"start":{"line":46,"column":34},"end":{"line":53,"column":null}}},"4":{"name":"(anonymous_15)","decl":{"start":{"line":52,"column":24},"end":{"line":52,"column":28}},"loc":{"start":{"line":52,"column":32},"end":{"line":52,"column":52}}},"5":{"name":"(anonymous_16)","decl":{"start":{"line":54,"column":10},"end":{"line":54,"column":19}},"loc":{"start":{"line":54,"column":46},"end":{"line":70,"column":null}}},"6":{"name":"(anonymous_18)","decl":{"start":{"line":71,"column":10},"end":{"line":71,"column":21}},"loc":{"start":{"line":71,"column":48},"end":{"line":78,"column":null}}}},"branchMap":{"0":{"loc":{"start":{"line":11,"column":8},"end":{"line":13,"column":9}},"type":"if","locations":[{"start":{"line":11,"column":8},"end":{"line":13,"column":9}}]},"1":{"loc":{"start":{"line":16,"column":8},"end":{"line":20,"column":9}},"type":"if","locations":[{"start":{"line":16,"column":8},"end":{"line":20,"column":9}},{"start":{"line":18,"column":13},"end":{"line":20,"column":9}}]},"2":{"loc":{"start":{"line":38,"column":8},"end":{"line":44,"column":9}},"type":"if","locations":[{"start":{"line":38,"column":8},"end":{"line":44,"column":9}},{"start":{"line":42,"column":13},"end":{"line":44,"column":9}}]},"3":{"loc":{"start":{"line":48,"column":8},"end":{"line":51,"column":9}},"type":"if","locations":[{"start":{"line":48,"column":8},"end":{"line":51,"column":9}}]},"4":{"loc":{"start":{"line":55,"column":8},"end":{"line":69,"column":9}},"type":"if","locations":[{"start":{"line":55,"column":8},"end":{"line":69,"column":9}},{"start":{"line":67,"column":13},"end":{"line":69,"column":9}}]},"5":{"loc":{"start":{"line":57,"column":12},"end":{"line":59,"column":13}},"type":"if","locations":[{"start":{"line":57,"column":12},"end":{"line":59,"column":13}}]},"6":{"loc":{"start":{"line":61,"column":12},"end":{"line":66,"column":13}},"type":"if","locations":[{"start":{"line":61,"column":12},"end":{"line":66,"column":13}},{"start":{"line":64,"column":17},"end":{"line":66,"column":13}}]},"7":{"loc":{"start":{"line":72,"column":8},"end":{"line":77,"column":9}},"type":"if","locations":[{"start":{"line":72,"column":8},"end":{"line":77,"column":9}},{"start":{"line":75,"column":13},"end":{"line":77,"column":9}}]}},"s":{"0":2,"1":2,"2":2,"3":2,"4":2,"5":3,"6":3,"7":3,"8":1,"9":2,"10":2,"11":2,"12":0,"13":2,"14":2,"15":2,"16":2,"17":2,"18":2,"19":1,"20":1,"21":1,"22":1,"23":1,"24":0,"25":0,"26":0,"27":0,"28":0,"29":0,"30":1,"31":1,"32":1,"33":0,"34":1,"35":1,"36":1,"37":1,"38":0,"39":0,"40":0,"41":0,"42":0,"43":0,"44":2},"f":{"0":3,"1":1,"2":1,"3":0,"4":0,"5":1,"6":0},"b":{"0":[1],"1":[2,0],"2":[1,0],"3":[0],"4":[1,0],"5":[0],"6":[1,0],"7":[0,0]}}
,"/Users/neerajsingh/Documents/hotelManagement/global/services/room.service.ts": {"path":"/Users/neerajsingh/Documents/hotelManagement/global/services/room.service.ts","statementMap":{"0":{"start":{"line":1,"column":0},"end":{"line":1,"column":37}},"1":{"start":{"line":2,"column":0},"end":{"line":2,"column":41}},"2":{"start":{"line":3,"column":0},"end":{"line":3,"column":42}},"3":{"start":{"line":8,"column":8},"end":{"line":13,"column":9}},"4":{"start":{"line":9,"column":26},"end":{"line":9,"column":60}},"5":{"start":{"line":10,"column":12},"end":{"line":10,"column":40}},"6":{"start":{"line":12,"column":12},"end":{"line":12,"column":50}},"7":{"start":{"line":17,"column":20},"end":{"line":17,"column":47}},"8":{"start":{"line":18,"column":28},"end":{"line":18,"column":63}},"9":{"start":{"line":18,"column":45},"end":{"line":18,"column":62}},"10":{"start":{"line":19,"column":8},"end":{"line":19,"column":27}},"11":{"start":{"line":23,"column":21},"end":{"line":23,"column":54}},"12":{"start":{"line":24,"column":8},"end":{"line":26,"column":9}},"13":{"start":{"line":25,"column":12},"end":{"line":25,"column":53}},"14":{"start":{"line":27,"column":8},"end":{"line":27,"column":null}},"15":{"start":{"line":31,"column":0},"end":{"line":31,"column":33}}},"fnMap":{"0":{"name":"(anonymous_8)","decl":{"start":{"line":7,"column":10},"end":{"line":7,"column":20}},"loc":{"start":{"line":7,"column":57},"end":{"line":14,"column":null}}},"1":{"name":"(anonymous_10)","decl":{"start":{"line":16,"column":10},"end":{"line":16,"column":22}},"loc":{"start":{"line":16,"column":22},"end":{"line":20,"column":null}}},"2":{"name":"(anonymous_12)","decl":{"start":{"line":18,"column":37},"end":{"line":18,"column":41}},"loc":{"start":{"line":18,"column":45},"end":{"line":18,"column":62}}},"3":{"name":"(anonymous_13)","decl":{"start":{"line":22,"column":10},"end":{"line":22,"column":20}},"loc":{"start":{"line":22,"column":34},"end":{"line":28,"column":null}}}},"branchMap":{"0":{"loc":{"start":{"line":8,"column":8},"end":{"line":13,"column":9}},"type":"if","locations":[{"start":{"line":8,"column":8},"end":{"line":13,"column":9}},{"start":{"line":11,"column":13},"end":{"line":13,"column":9}}]},"1":{"loc":{"start":{"line":24,"column":8},"end":{"line":26,"column":9}},"type":"if","locations":[{"start":{"line":24,"column":8},"end":{"line":26,"column":9}}]}},"s":{"0":1,"1":1,"2":1,"3":1,"4":1,"5":1,"6":0,"7":1,"8":1,"9":1,"10":1,"11":1,"12":1,"13":0,"14":1,"15":1},"f":{"0":1,"1":1,"2":1,"3":1},"b":{"0":[1,0],"1":[0]}}
,"/Users/neerajsingh/Documents/hotelManagement/global/services/user.service.ts": {"path":"/Users/neerajsingh/Documents/hotelManagement/global/services/user.service.ts","statementMap":{"0":{"start":{"line":1,"column":0},"end":{"line":1,"column":51}},"1":{"start":{"line":2,"column":0},"end":{"line":2,"column":36}},"2":{"start":{"line":3,"column":0},"end":{"line":3,"column":40}},"3":{"start":{"line":4,"column":0},"end":{"line":4,"column":42}},"4":{"start":{"line":6,"column":0},"end":{"line":6,"column":30}},"5":{"start":{"line":10,"column":26},"end":{"line":10,"column":48}},"6":{"start":{"line":11,"column":21},"end":{"line":11,"column":45}},"7":{"start":{"line":12,"column":8},"end":{"line":12,"column":79}},"8":{"start":{"line":13,"column":22},"end":{"line":13,"column":60}},"9":{"start":{"line":16,"column":22},"end":{"line":16,"column":65}},"10":{"start":{"line":17,"column":19},"end":{"line":17,"column":39}},"11":{"start":{"line":18,"column":8},"end":{"line":18,"column":28}},"12":{"start":{"line":23,"column":21},"end":{"line":23,"column":57}},"13":{"start":{"line":24,"column":8},"end":{"line":27,"column":9}},"14":{"start":{"line":25,"column":12},"end":{"line":25,"column":53}},"15":{"start":{"line":28,"column":32},"end":{"line":28,"column":83}},"16":{"start":{"line":29,"column":8},"end":{"line":31,"column":9}},"17":{"start":{"line":30,"column":12},"end":{"line":30,"column":58}},"18":{"start":{"line":32,"column":25},"end":{"line":32,"column":42}},"19":{"start":{"line":33,"column":22},"end":{"line":33,"column":66}},"20":{"start":{"line":34,"column":8},"end":{"line":34,"column":35}},"21":{"start":{"line":38,"column":8},"end":{"line":38,"column":62}},"22":{"start":{"line":42,"column":0},"end":{"line":42,"column":33}}},"fnMap":{"0":{"name":"(anonymous_8)","decl":{"start":{"line":9,"column":10},"end":{"line":9,"column":17}},"loc":{"start":{"line":9,"column":40},"end":{"line":19,"column":null}}},"1":{"name":"(anonymous_10)","decl":{"start":{"line":21,"column":10},"end":{"line":21,"column":19}},"loc":{"start":{"line":21,"column":51},"end":{"line":35,"column":null}}},"2":{"name":"(anonymous_12)","decl":{"start":{"line":37,"column":10},"end":{"line":37,"column":25}},"loc":{"start":{"line":37,"column":72},"end":{"line":39,"column":null}}}},"branchMap":{"0":{"loc":{"start":{"line":24,"column":8},"end":{"line":27,"column":9}},"type":"if","locations":[{"start":{"line":24,"column":8},"end":{"line":27,"column":9}}]},"1":{"loc":{"start":{"line":29,"column":8},"end":{"line":31,"column":9}},"type":"if","locations":[{"start":{"line":29,"column":8},"end":{"line":31,"column":9}}]}},"s":{"0":2,"1":2,"2":2,"3":2,"4":2,"5":2,"6":2,"7":2,"8":2,"9":2,"10":2,"11":2,"12":4,"13":4,"14":1,"15":3,"16":3,"17":1,"18":2,"19":2,"20":2,"21":1,"22":2},"f":{"0":2,"1":4,"2":1},"b":{"0":[1],"1":[1]}}
,"/Users/neerajsingh/Documents/hotelManagement/global/utils/common.ts": {"path":"/Users/neerajsingh/Documents/hotelManagement/global/utils/common.ts","statementMap":{"0":{"start":{"line":1,"column":0},"end":{"line":1,"column":31}},"1":{"start":{"line":2,"column":15},"end":{"line":2,"column":41}},"2":{"start":{"line":6,"column":32},"end":{"line":8,"column":1}},"3":{"start":{"line":7,"column":4},"end":{"line":7,"column":85}},"4":{"start":{"line":6,"column":13},"end":{"line":6,"column":32}},"5":{"start":{"line":10,"column":30},"end":{"line":12,"column":1}},"6":{"start":{"line":11,"column":4},"end":{"line":11,"column":45}},"7":{"start":{"line":10,"column":13},"end":{"line":10,"column":30}}},"fnMap":{"0":{"name":"(anonymous_1)","decl":{"start":{"line":6,"column":32},"end":{"line":6,"column":33}},"loc":{"start":{"line":6,"column":70},"end":{"line":8,"column":1}}},"1":{"name":"(anonymous_2)","decl":{"start":{"line":10,"column":30},"end":{"line":10,"column":31}},"loc":{"start":{"line":10,"column":53},"end":{"line":12,"column":1}}}},"branchMap":{},"s":{"0":2,"1":2,"2":2,"3":2,"4":2,"5":2,"6":4,"7":2},"f":{"0":2,"1":4},"b":{}}
}
