TN:
SF:config.js
FNF:0
FNH:0
DA:1,2
DA:3,2
DA:11,2
LF:3
LH:3
BRDA:4,0,0,2
BRDA:4,0,1,0
BRDA:6,1,0,2
BRDA:6,1,1,0
BRDA:7,2,0,2
BRDA:7,2,1,0
BRF:6
BRH:3
end_of_record
TN:
SF:index.ts
FN:21,(anonymous_1)
FN:28,(anonymous_2)
FNF:2
FNH:0
FNDA:0,(anonymous_1)
FNDA:0,(anonymous_2)
DA:1,1
DA:2,1
DA:3,1
DA:4,1
DA:5,1
DA:6,1
DA:7,1
DA:8,1
DA:9,1
DA:11,1
DA:13,1
DA:14,0
DA:18,1
DA:19,1
DA:20,1
DA:21,1
DA:22,0
DA:25,1
DA:27,1
DA:28,0
DA:29,0
DA:33,1
LF:22
LH:18
BRDA:13,0,0,0
BRDA:27,1,0,0
BRF:2
BRH:0
end_of_record
TN:
SF:global/controller/Booking.ts
FN:6,(anonymous_8)
FN:6,(anonymous_9)
FN:57,(anonymous_10)
FN:57,(anonymous_11)
FN:81,(anonymous_12)
FN:81,(anonymous_13)
FN:103,(anonymous_14)
FN:103,(anonymous_15)
FN:133,(anonymous_16)
FN:133,(anonymous_17)
FNF:10
FNH:6
FNDA:1,(anonymous_8)
FNDA:1,(anonymous_9)
FNDA:1,(anonymous_10)
FNDA:1,(anonymous_11)
FNDA:0,(anonymous_12)
FNDA:0,(anonymous_13)
FNDA:1,(anonymous_14)
FNDA:1,(anonymous_15)
FNDA:0,(anonymous_16)
FNDA:0,(anonymous_17)
DA:3,1
DA:6,1
DA:7,1
DA:48,1
DA:49,1
DA:52,0
DA:57,1
DA:58,1
DA:73,1
DA:74,1
DA:76,0
DA:81,1
DA:82,0
DA:96,0
DA:97,0
DA:99,0
DA:103,1
DA:104,1
DA:126,1
DA:127,1
DA:129,0
DA:133,1
DA:134,0
DA:143,0
DA:144,0
DA:146,0
LF:26
LH:15
BRF:0
BRH:0
end_of_record
TN:
SF:global/controller/Room.ts
FN:12,(anonymous_8)
FN:12,(anonymous_9)
FN:26,(anonymous_10)
FN:26,(anonymous_11)
FN:39,(anonymous_12)
FN:39,(anonymous_13)
FNF:6
FNH:6
FNDA:1,(anonymous_8)
FNDA:1,(anonymous_9)
FNDA:1,(anonymous_10)
FNDA:1,(anonymous_11)
FNDA:1,(anonymous_12)
FNDA:1,(anonymous_13)
DA:5,1
DA:6,1
DA:12,1
DA:13,1
DA:14,1
DA:19,1
DA:21,0
DA:26,1
DA:27,1
DA:31,1
DA:32,1
DA:34,0
DA:39,1
DA:40,1
DA:41,1
DA:48,1
DA:49,1
DA:51,0
LF:18
LH:15
BRF:0
BRH:0
end_of_record
TN:
SF:global/controller/User.ts
FN:10,(anonymous_8)
FN:10,(anonymous_9)
FN:19,(anonymous_10)
FN:19,(anonymous_11)
FN:29,(anonymous_12)
FN:29,(anonymous_13)
FNF:6
FNH:4
FNDA:1,(anonymous_8)
FNDA:1,(anonymous_9)
FNDA:1,(anonymous_10)
FNDA:1,(anonymous_11)
FNDA:0,(anonymous_12)
FNDA:0,(anonymous_13)
DA:5,1
DA:8,1
DA:10,1
DA:11,1
DA:12,1
DA:13,1
DA:15,0
DA:19,1
DA:20,1
DA:21,1
DA:22,1
DA:24,0
DA:29,1
DA:31,0
DA:32,0
DA:33,0
DA:35,0
LF:17
LH:11
BRF:0
BRH:0
end_of_record
TN:
SF:global/dao/bookingDAO.ts
FN:4,(anonymous_8)
FN:8,(anonymous_10)
FN:11,(anonymous_12)
FN:14,(anonymous_14)
FNF:4
FNH:2
FNDA:1,(anonymous_8)
FNDA:1,(anonymous_10)
FNDA:0,(anonymous_12)
FNDA:0,(anonymous_14)
DA:1,2
DA:5,1
DA:6,1
DA:9,1
DA:12,0
DA:15,0
DA:16,0
DA:17,0
DA:18,0
DA:20,0
DA:26,2
LF:11
LH:5
BRDA:16,0,0,0
BRDA:16,0,1,0
BRF:2
BRH:0
end_of_record
TN:
SF:global/dao/roomDAO.ts
FN:4,(anonymous_8)
FN:8,(anonymous_10)
FN:11,(anonymous_12)
FN:14,(anonymous_14)
FN:21,(anonymous_16)
FNF:5
FNH:5
FNDA:1,(anonymous_8)
FNDA:1,(anonymous_10)
FNDA:3,(anonymous_12)
FNDA:1,(anonymous_14)
FNDA:1,(anonymous_16)
DA:1,2
DA:5,1
DA:6,1
DA:9,1
DA:12,3
DA:15,1
DA:16,1
DA:17,1
DA:18,1
DA:22,1
DA:23,1
DA:24,1
DA:25,1
DA:31,2
LF:14
LH:14
BRDA:16,0,0,1
BRDA:23,1,0,1
BRF:2
BRH:2
end_of_record
TN:
SF:global/dao/userDAO.ts
FN:4,(anonymous_8)
FN:9,(anonymous_10)
FNF:2
FNH:2
FNDA:1,(anonymous_8)
FNDA:1,(anonymous_10)
DA:1,2
DA:5,1
DA:6,1
DA:10,1
DA:14,2
LF:5
LH:5
BRF:0
BRH:0
end_of_record
TN:
SF:global/database/db.ts
FN:4,connectDB
FNF:1
FNH:0
FNDA:0,connectDB
DA:1,1
DA:2,1
DA:5,0
DA:6,0
DA:7,0
DA:9,0
DA:13,1
LF:7
LH:3
BRF:0
BRH:0
end_of_record
TN:
SF:global/dto/bookingDTO.ts
FN:11,(anonymous_0)
FNF:1
FNH:1
FNDA:2,(anonymous_0)
DA:3,2
DA:12,2
DA:13,2
DA:14,2
DA:15,2
DA:16,2
DA:17,2
DA:18,2
LF:8
LH:8
BRF:0
BRH:0
end_of_record
TN:
SF:global/dto/roomDTO.ts
FN:10,(anonymous_0)
FNF:1
FNH:1
FNDA:5,(anonymous_0)
DA:3,2
DA:11,5
DA:12,5
DA:13,5
DA:14,5
DA:15,5
LF:6
LH:6
BRF:0
BRH:0
end_of_record
TN:
SF:global/dto/userDTO.ts
FN:7,(anonymous_0)
FNF:1
FNH:1
FNDA:6,(anonymous_0)
DA:3,2
DA:8,6
DA:9,6
DA:10,6
LF:4
LH:4
BRF:0
BRH:0
end_of_record
TN:
SF:global/errors/appError.ts
FN:5,(anonymous_0)
FNF:1
FNH:1
FNDA:4,(anonymous_0)
DA:6,4
DA:7,4
DA:8,4
DA:10,4
DA:14,2
LF:5
LH:5
BRDA:8,0,0,4
BRDA:8,0,1,0
BRF:2
BRH:1
end_of_record
TN:
SF:global/middleware/errorMiddleware.ts
FN:7,(anonymous_0)
FNF:1
FNH:0
FNDA:0,(anonymous_0)
DA:4,1
DA:7,1
DA:9,0
DA:10,0
DA:12,0
DA:13,0
DA:19,0
LF:7
LH:2
BRDA:9,0,0,0
BRDA:9,0,1,0
BRDA:10,1,0,0
BRDA:10,1,1,0
BRDA:12,2,0,0
BRDA:21,3,0,0
BRDA:21,3,1,0
BRF:7
BRH:0
end_of_record
TN:
SF:global/middleware/jwtAuthMiddleware.ts
FN:7,(anonymous_0)
FNF:1
FNH:1
FNDA:4,(anonymous_0)
DA:2,1
DA:7,1
DA:8,4
DA:10,4
DA:11,4
DA:12,4
DA:13,4
DA:14,4
DA:16,0
LF:9
LH:8
BRDA:8,0,0,0
BRDA:8,0,1,4
BRDA:8,1,0,4
BRDA:8,1,1,4
BRDA:10,2,0,0
BRF:5
BRH:3
end_of_record
TN:
SF:global/model/Booking.ts
FNF:0
FNH:0
DA:1,2
DA:23,2
DA:45,2
DA:46,2
LF:4
LH:4
BRF:0
BRH:0
end_of_record
TN:
SF:global/model/Room.ts
FNF:0
FNH:0
DA:1,2
DA:13,2
DA:21,2
DA:23,2
LF:4
LH:4
BRF:0
BRH:0
end_of_record
TN:
SF:global/model/User.ts
FNF:0
FNH:0
DA:1,2
DA:17,2
DA:28,2
DA:30,2
LF:4
LH:4
BRF:0
BRH:0
end_of_record
TN:
SF:global/routes/Booking.ts
FNF:0
FNH:0
DA:1,1
DA:2,1
DA:3,1
DA:5,1
DA:10,1
LF:5
LH:5
BRF:0
BRH:0
end_of_record
TN:
SF:global/routes/Room.ts
FNF:0
FNH:0
DA:1,1
DA:2,1
DA:3,1
DA:4,1
DA:6,1
DA:10,1
LF:6
LH:6
BRF:0
BRH:0
end_of_record
TN:
SF:global/routes/User.ts
FNF:0
FNH:0
DA:1,1
DA:2,1
DA:3,1
DA:4,1
DA:6,1
DA:10,1
LF:6
LH:6
BRF:0
BRH:0
end_of_record
TN:
SF:global/services/book.service.ts
FN:8,(anonymous_8)
FN:37,(anonymous_10)
FN:40,(anonymous_12)
FN:46,(anonymous_13)
FN:52,(anonymous_15)
FN:54,(anonymous_16)
FN:71,(anonymous_18)
FNF:7
FNH:4
FNDA:3,(anonymous_8)
FNDA:1,(anonymous_10)
FNDA:1,(anonymous_12)
FNDA:0,(anonymous_13)
FNDA:0,(anonymous_15)
FNDA:1,(anonymous_16)
FNDA:0,(anonymous_18)
DA:1,2
DA:2,2
DA:3,2
DA:4,2
DA:5,2
DA:9,3
DA:10,3
DA:11,3
DA:12,1
DA:14,2
DA:16,2
DA:17,2
DA:19,0
DA:22,2
DA:23,2
DA:24,2
DA:25,2
DA:27,2
DA:35,2
DA:38,1
DA:39,1
DA:40,1
DA:41,1
DA:43,0
DA:47,0
DA:48,0
DA:49,0
DA:52,0
DA:55,1
DA:56,1
DA:57,1
DA:58,0
DA:60,1
DA:61,1
DA:62,1
DA:63,1
DA:65,0
DA:68,0
DA:72,0
DA:73,0
DA:74,0
DA:76,0
DA:81,2
LF:43
LH:30
BRDA:11,0,0,1
BRDA:16,1,0,2
BRDA:16,1,1,0
BRDA:38,2,0,1
BRDA:38,2,1,0
BRDA:48,3,0,0
BRDA:55,4,0,1
BRDA:55,4,1,0
BRDA:57,5,0,0
BRDA:61,6,0,1
BRDA:61,6,1,0
BRDA:72,7,0,0
BRDA:72,7,1,0
BRF:13
BRH:5
end_of_record
TN:
SF:global/services/room.service.ts
FN:7,(anonymous_8)
FN:16,(anonymous_10)
FN:18,(anonymous_12)
FN:22,(anonymous_13)
FNF:4
FNH:4
FNDA:1,(anonymous_8)
FNDA:1,(anonymous_10)
FNDA:1,(anonymous_12)
FNDA:1,(anonymous_13)
DA:1,1
DA:2,1
DA:3,1
DA:8,1
DA:9,1
DA:10,1
DA:12,0
DA:17,1
DA:18,1
DA:19,1
DA:23,1
DA:24,1
DA:25,0
DA:27,1
DA:31,1
LF:15
LH:13
BRDA:8,0,0,1
BRDA:8,0,1,0
BRDA:24,1,0,0
BRF:3
BRH:1
end_of_record
TN:
SF:global/services/user.service.ts
FN:9,(anonymous_8)
FN:21,(anonymous_10)
FN:37,(anonymous_12)
FNF:3
FNH:3
FNDA:2,(anonymous_8)
FNDA:4,(anonymous_10)
FNDA:1,(anonymous_12)
DA:1,2
DA:2,2
DA:3,2
DA:4,2
DA:6,2
DA:10,2
DA:11,2
DA:12,2
DA:13,2
DA:16,2
DA:17,2
DA:18,2
DA:23,4
DA:24,4
DA:25,1
DA:28,3
DA:29,3
DA:30,1
DA:32,2
DA:33,2
DA:34,2
DA:38,1
DA:42,2
LF:23
LH:23
BRDA:24,0,0,1
BRDA:29,1,0,1
BRF:2
BRH:2
end_of_record
TN:
SF:global/utils/common.ts
FN:6,(anonymous_1)
FN:10,(anonymous_2)
FNF:2
FNH:2
FNDA:2,(anonymous_1)
FNDA:4,(anonymous_2)
DA:1,2
DA:2,2
DA:6,2
DA:7,2
DA:10,2
DA:11,4
LF:6
LH:6
BRF:0
BRH:0
end_of_record
